#
# There is insufficient memory for the Java Runtime Environment to continue.
# Native memory allocation (mmap) failed to map 65011712 bytes for Failed to commit area from 0x00000000c2e00000 to 0x00000000c6c00000 of length 65011712.
# Possible reasons:
#   The system is out of physical RAM or swap space
#   The process is running with CompressedOops enabled, and the Java Heap may be blocking the growth of the native heap
# Possible solutions:
#   Reduce memory load on the system
#   Increase physical memory or swap space
#   Check if swap backing store is full
#   Decrease Java heap size (-Xmx/-Xms)
#   Decrease number of Java threads
#   Decrease Java thread stack sizes (-Xss)
#   Set larger code cache with -XX:ReservedCodeCacheSize=
# This output file may be truncated or incomplete.
#
#  Out of Memory Error (./src/hotspot/os/windows/os_windows.cpp:3303), pid=20324, tid=18700
#
# JRE version:  (11.0.9.1+11) (build )
# Java VM: OpenJDK 64-Bit Server VM (11.0.9.1+11-b1145.63, mixed mode, sharing, tiered, compressed oops, g1 gc, windows-amd64)
# No core dump will be written. Minidumps are not enabled by default on client versions of Windows
#

---------------  S U M M A R Y ------------

Command Line: org.jetbrains.git4idea.http.GitAskPassApp Username for 'https://github.com': 

Host: Intel(R) Celeron(R) N4000 CPU @ 1.10GHz, 2 cores, 3G,  Windows 10 , 64 bit Build 18362 (10.0.18362.1316)
Time: Sun Jan 31 21:08:34 2021 Eastern Standard Time elapsed time: 0.280539 seconds (0d 0h 0m 0s)

---------------  T H R E A D  ---------------

Current thread (0x0000016f30afa800):  JavaThread "Unknown thread" [_thread_in_vm, id=18700, stack(0x0000003d6ce00000,0x0000003d6cf00000)]

Stack: [0x0000003d6ce00000,0x0000003d6cf00000]
Native frames: (J=compiled Java code, j=interpreted, Vv=VM code, C=native code)
V  [jvm.dll+0x5edd9a]
V  [jvm.dll+0x7229c5]
V  [jvm.dll+0x723f1d]
V  [jvm.dll+0x7245d3]
V  [jvm.dll+0x2431b8]
V  [jvm.dll+0x5eb234]
V  [jvm.dll+0x5e0325]
V  [jvm.dll+0x2fe60b]
V  [jvm.dll+0x2fe57a]
V  [jvm.dll+0x2fe452]
V  [jvm.dll+0x303346]
V  [jvm.dll+0x34ba83]
V  [jvm.dll+0x34c186]
V  [jvm.dll+0x34bb83]
V  [jvm.dll+0x2d9218]
V  [jvm.dll+0x2da3c7]
V  [jvm.dll+0x701a67]
V  [jvm.dll+0x70325c]
V  [jvm.dll+0x359049]
V  [jvm.dll+0x6e552e]
V  [jvm.dll+0x3c1353]
V  [jvm.dll+0x3c3571]
C  [jli.dll+0x5373]
C  [ucrtbase.dll+0x210b2]
C  [KERNEL32.DLL+0x17c24]
C  [ntdll.dll+0x6d4d1]


---------------  P R O C E S S  ---------------

Threads class SMR info:
_java_thread_list=0x0000016f2e9767a0, length=0, elements={
}

Java Threads: ( => current thread )

Other Threads:
  0x0000016f30b12000 GCTaskThread "GC Thread#0" [stack: 0x0000003d6cf00000,0x0000003d6d000000] [id=14700]
  0x0000016f30b2e800 ConcurrentGCThread "G1 Main Marker" [stack: 0x0000003d6d000000,0x0000003d6d100000] [id=18444]
  0x0000016f30b2f800 ConcurrentGCThread "G1 Conc#0" [stack: 0x0000003d6d100000,0x0000003d6d200000] [id=13796]

[error occurred during error reporting (printing all threads), id 0xc0000005, EXCEPTION_ACCESS_VIOLATION (0xc0000005) at pc=0x00007fff8f289807]

VM state:not at safepoint (not fully initialized)

VM Mutex/Monitor currently owned by a thread:  ([mutex/lock_event])
[0x0000016f30af80c0] Heap_lock - owner thread: 0x0000016f30afa800

Heap address: 0x00000000c2e00000, size: 978 MB, Compressed Oops mode: Non-zero based: 0x00000000c2e00000
Narrow klass base: 0x0000000000000000, Narrow klass shift: 0

GC Heap History (0 events):
No events

Deoptimization events (0 events):
No events

Classes redefined (0 events):
No events

Internal exceptions (0 events):
No events

Events (1 events):
Event: 0.089 Loaded shared library C:\Program Files\JetBrains\IntelliJ IDEA Community Edition 2020.3.1\jbr\bin\zip.dll


Dynamic libraries:
0x00007ff638540000 - 0x00007ff63854a000 	C:\Program Files\JetBrains\IntelliJ IDEA Community Edition 2020.3.1\jbr\bin\java.exe
0x00007fffc0660000 - 0x00007fffc0850000 	C:\windows\SYSTEM32\ntdll.dll
0x00007fffbfa80000 - 0x00007fffbfb32000 	C:\windows\System32\KERNEL32.DLL
0x00007fffbe010000 - 0x00007fffbe2b5000 	C:\windows\System32\KERNELBASE.dll
0x00007fffbe500000 - 0x00007fffbe5fa000 	C:\windows\System32\ucrtbase.dll
0x00007fffb2cb0000 - 0x00007fffb2cc7000 	C:\Program Files\JetBrains\IntelliJ IDEA Community Edition 2020.3.1\jbr\bin\VCRUNTIME140.dll
0x00007fffb2c90000 - 0x00007fffb2ca9000 	C:\Program Files\JetBrains\IntelliJ IDEA Community Edition 2020.3.1\jbr\bin\jli.dll
0x00007fffbebd0000 - 0x00007fffbed64000 	C:\windows\System32\USER32.dll
0x00007fffbe6e0000 - 0x00007fffbe701000 	C:\windows\System32\win32u.dll
0x00007fffbed70000 - 0x00007fffbed96000 	C:\windows\System32\GDI32.dll
0x00007fffa5710000 - 0x00007fffa5994000 	C:\windows\WinSxS\amd64_microsoft.windows.common-controls_6595b64144ccf1df_6.0.18362.1316_none_9e7a364fe461dbd7\COMCTL32.dll
0x00007fffbe2c0000 - 0x00007fffbe458000 	C:\windows\System32\gdi32full.dll
0x00007fffc0420000 - 0x00007fffc04be000 	C:\windows\System32\msvcrt.dll
0x00007fffbfb40000 - 0x00007fffbfe77000 	C:\windows\System32\combase.dll
0x00007fffbe950000 - 0x00007fffbea6f000 	C:\windows\System32\RPCRT4.dll
0x00007fffbe460000 - 0x00007fffbe4fe000 	C:\windows\System32\msvcp_win.dll
0x00007fffbded0000 - 0x00007fffbdf51000 	C:\windows\System32\bcryptPrimitives.dll
0x00007fffbfe80000 - 0x00007fffbfeae000 	C:\windows\System32\IMM32.DLL
0x00007fff9a4e0000 - 0x00007fff9a57d000 	C:\Program Files\JetBrains\IntelliJ IDEA Community Edition 2020.3.1\jbr\bin\msvcp140.dll
0x00007fff8efa0000 - 0x00007fff8fa6e000 	C:\Program Files\JetBrains\IntelliJ IDEA Community Edition 2020.3.1\jbr\bin\server\jvm.dll
0x00007fffbf970000 - 0x00007fffbfa13000 	C:\windows\System32\ADVAPI32.dll
0x00007fffc0570000 - 0x00007fffc0607000 	C:\windows\System32\sechost.dll
0x00007fffc0610000 - 0x00007fffc0618000 	C:\windows\System32\PSAPI.DLL
0x00007fffb5ad0000 - 0x00007fffb5ad9000 	C:\windows\SYSTEM32\WSOCK32.dll
0x00007fffc00c0000 - 0x00007fffc012f000 	C:\windows\System32\WS2_32.dll
0x00007fffb6e30000 - 0x00007fffb6e3a000 	C:\windows\SYSTEM32\VERSION.dll
0x00007fffb2910000 - 0x00007fffb2934000 	C:\windows\SYSTEM32\WINMM.dll
0x00007fffb28e0000 - 0x00007fffb290d000 	C:\windows\SYSTEM32\WINMMBASE.dll
0x00007fffbe630000 - 0x00007fffbe67a000 	C:\windows\System32\cfgmgr32.dll
0x00007fffbd520000 - 0x00007fffbd531000 	C:\windows\System32\kernel.appcore.dll
0x00007fffb5ec0000 - 0x00007fffb5ed1000 	C:\Program Files\JetBrains\IntelliJ IDEA Community Edition 2020.3.1\jbr\bin\verify.dll
0x00007fffbbe40000 - 0x00007fffbc034000 	C:\windows\SYSTEM32\DBGHELP.DLL
0x00007fffa9890000 - 0x00007fffa98ba000 	C:\windows\SYSTEM32\dbgcore.DLL
0x00007fffb32d0000 - 0x00007fffb32f9000 	C:\Program Files\JetBrains\IntelliJ IDEA Community Edition 2020.3.1\jbr\bin\java.dll
0x00007fffb9870000 - 0x00007fffb987b000 	C:\Program Files\JetBrains\IntelliJ IDEA Community Edition 2020.3.1\jbr\bin\jimage.dll
0x00007fffb3e30000 - 0x00007fffb3e48000 	C:\Program Files\JetBrains\IntelliJ IDEA Community Edition 2020.3.1\jbr\bin\zip.dll

dbghelp: loaded successfully - version: 4.0.5 - missing functions: none
symbol engine: initialized successfully - sym options: 0x614 - pdb path: .;C:\Program Files\JetBrains\IntelliJ IDEA Community Edition 2020.3.1\jbr\bin;C:\windows\SYSTEM32;C:\windows\WinSxS\amd64_microsoft.windows.common-controls_6595b64144ccf1df_6.0.18362.1316_none_9e7a364fe461dbd7;C:\Program Files\JetBrains\IntelliJ IDEA Community Edition 2020.3.1\jbr\bin\server

VM Arguments:
java_command: org.jetbrains.git4idea.http.GitAskPassApp Username for 'https://github.com': 
java_class_path (initial): C:/Program Files/JetBrains/IntelliJ IDEA Community Edition 2020.3.1/plugins/git4idea/lib/git4idea-rt.jar;C:/Program Files/JetBrains/IntelliJ IDEA Community Edition 2020.3.1/lib/xmlrpc-2.0.1.jar;C:/Program Files/JetBrains/IntelliJ IDEA Community Edition 2020.3.1/lib/commons-codec-1.14.jar
Launcher Type: SUN_STANDARD

[Global flags]
     intx CICompilerCount                          = 2                                         {product} {ergonomic}
     uint ConcGCThreads                            = 1                                         {product} {ergonomic}
     uint G1ConcRefinementThreads                  = 2                                         {product} {ergonomic}
   size_t G1HeapRegionSize                         = 1048576                                   {product} {ergonomic}
    uintx GCDrainStackTargetSize                   = 64                                        {product} {ergonomic}
   size_t InitialHeapSize                          = 65011712                                  {product} {ergonomic}
   size_t MarkStackSize                            = 4194304                                   {product} {ergonomic}
   size_t MaxHeapSize                              = 1025507328                                {product} {ergonomic}
   size_t MinHeapDeltaBytes                        = 1048576                                   {product} {ergonomic}
    uintx NonNMethodCodeHeapSize                   = 5825164                                {pd product} {ergonomic}
    uintx NonProfiledCodeHeapSize                  = 122916538                              {pd product} {ergonomic}
    uintx ProfiledCodeHeapSize                     = 122916538                              {pd product} {ergonomic}
    uintx ReservedCodeCacheSize                    = 251658240                              {pd product} {ergonomic}
     bool SegmentedCodeCache                       = true                                      {product} {ergonomic}
     bool UseCompressedClassPointers               = true                                 {lp64_product} {ergonomic}
     bool UseCompressedOops                        = true                                 {lp64_product} {ergonomic}
     bool UseG1GC                                  = true                                      {product} {ergonomic}
     bool UseLargePagesIndividualAllocation        = false                                  {pd product} {ergonomic}

Logging:
Log output configuration:
 #0: stdout all=warning uptime,level,tags
 #1: stderr all=off uptime,level,tags

Environment Variables:
PATH=C:\Program Files\Git\mingw64\libexec\git-core;C:\Program Files\Git\mingw64\libexec\git-core;C:\Program Files\Git\mingw64\bin;C:\Program Files\Git\usr\bin;C:\Users\chris\bin;C:\Program Files\Common Files\Oracle\Java\javapath;C:\Python38\Scripts;C:\Python38;C:\windows\system32;C:\windows;C:\windows\System32\Wbem;C:\windows\System32\WindowsPowerShell\v1.0;C:\windows\System32\OpenSSH;C:\Program Files\dotnet;C:\Program Files\Microsoft SQL Server\130\Tools\Binn;C:\Program Files\Microsoft SQL Server\Client SDK\ODBC\170\Tools\Binn;C:\ProgramData\chocolatey\bin;C:\Program Files\Git\cmd;C:\Program Files\nodejs;C:\Program Files (x86)\Yarn\bin;C:\Users\chris\AppData\Local\Microsoft\WindowsApps;C:\Users\chris\AppData\Local\Programs\Microsoft VS Code\bin;C:\Users\chris\.dotnet\tools;C:\Users\chris\AppData\Roaming\npm;C:\Users\chris\AppData\Local\Yarn\bin
USERNAME=chris
DISPLAY=:0.0
LC_ALL=en_US.UTF-8
OS=Windows_NT
PROCESSOR_IDENTIFIER=Intel64 Family 6 Model 122 Stepping 1, GenuineIntel



---------------  S Y S T E M  ---------------

OS: Windows 10 , 64 bit Build 18362 (10.0.18362.1316)
OS uptime: 14 days 20:38 hours

CPU:total 2 (initial active 2) (2 cores per cpu, 1 threads per core) family 6 model 122 stepping 1, cmov, cx8, fxsr, mmx, sse, sse2, sse3, ssse3, sse4.1, sse4.2, popcnt, aes, clmul, erms, 3dnowpref, tsc, tscinvbit, sha

Memory: 4k page, system-wide physical 3911M (264M free)
TotalPageFile size 11269M (AvailPageFile size 53M)
current process WorkingSet (physical memory assigned to process): 9M, peak: 9M
current process commit charge ("private bytes"): 47M, peak: 109M

vm_info: OpenJDK 64-Bit Server VM (11.0.9.1+11-b1145.63) for windows-amd64 JRE (11.0.9.1+11-b1145.63), built on Dec 21 2020 13:58:54 by "" with MS VC++ 14.0 (VS2015)

END.
